  CBoss02.cpp
C:\Users\LG\Documents\GitHub\Junsin_Team\Jusin_Team_1945\Jusin_Team_1945\CTimerMgr.h(7,54): warning C4244: '=': 'ULONGLONG'에서 'DWORD'(으)로 변환하면서 데이터가 손실될 수 있습니다.
  (소스 파일 '/CBoss02.cpp'을(를) 컴파일하는 중)
  
C:\Users\LG\Documents\GitHub\Junsin_Team\Jusin_Team_1945\Jusin_Team_1945\CTimerMgr.h(18,29): warning C4244: '초기화 중': 'ULONGLONG'에서 'DWORD'(으)로 변환하면서 데이터가 손실될 수 있습니다.
  (소스 파일 '/CBoss02.cpp'을(를) 컴파일하는 중)
  
C:\Users\LG\Documents\GitHub\Junsin_Team\Jusin_Team_1945\Jusin_Team_1945\CTimerMgr.h(48,29): warning C4244: '초기화 중': 'ULONGLONG'에서 'float'(으)로 변환하면서 데이터가 손실될 수 있습니다.
  (소스 파일 '/CBoss02.cpp'을(를) 컴파일하는 중)
  
C:\Users\LG\Documents\GitHub\Junsin_Team\Jusin_Team_1945\Jusin_Team_1945\CTimerMgr.h(57,34): warning C4244: '=': 'float'에서 'DWORD'(으)로 변환하면서 데이터가 손실될 수 있습니다.
  (소스 파일 '/CBoss02.cpp'을(를) 컴파일하는 중)
  
C:\Users\LG\Documents\GitHub\Junsin_Team\Jusin_Team_1945\Jusin_Team_1945\CTimerMgr.h(71,38): warning C4244: '=': 'float'에서 'DWORD'(으)로 변환하면서 데이터가 손실될 수 있습니다.
  (소스 파일 '/CBoss02.cpp'을(를) 컴파일하는 중)
  
C:\Users\LG\Documents\GitHub\Junsin_Team\Jusin_Team_1945\Jusin_Team_1945\CBoss02.cpp(146,35): warning C4244: '인수': 'float'에서 'int'(으)로 변환하면서 데이터가 손실될 수 있습니다.
  (소스 파일 '/CBoss02.cpp'을(를) 컴파일하는 중)
  
C:\Users\LG\Documents\GitHub\Junsin_Team\Jusin_Team_1945\Jusin_Team_1945\CBoss02.cpp(146,23): warning C4244: '인수': 'float'에서 'int'(으)로 변환하면서 데이터가 손실될 수 있습니다.
  (소스 파일 '/CBoss02.cpp'을(를) 컴파일하는 중)
  
C:\Users\LG\Documents\GitHub\Junsin_Team\Jusin_Team_1945\Jusin_Team_1945\CBoss02.cpp(147,44): warning C4244: '인수': 'float'에서 'int'(으)로 변환하면서 데이터가 손실될 수 있습니다.
  (소스 파일 '/CBoss02.cpp'을(를) 컴파일하는 중)
  
C:\Users\LG\Documents\GitHub\Junsin_Team\Jusin_Team_1945\Jusin_Team_1945\CBoss02.cpp(147,27): warning C4244: '인수': 'float'에서 'int'(으)로 변환하면서 데이터가 손실될 수 있습니다.
  (소스 파일 '/CBoss02.cpp'을(를) 컴파일하는 중)
  
C:\Users\LG\Documents\GitHub\Junsin_Team\Jusin_Team_1945\Jusin_Team_1945\CBoss02.cpp(214,40): warning C4244: '인수': 'double'에서 'float'(으)로 변환하면서 데이터가 손실될 수 있습니다.
  (소스 파일 '/CBoss02.cpp'을(를) 컴파일하는 중)
  
C:\Users\LG\Documents\GitHub\Junsin_Team\Jusin_Team_1945\Jusin_Team_1945\CBoss02.cpp(214,19): warning C4244: '=': 'double'에서 'float'(으)로 변환하면서 데이터가 손실될 수 있습니다.
  (소스 파일 '/CBoss02.cpp'을(를) 컴파일하는 중)
  
C:\Users\LG\Documents\GitHub\Junsin_Team\Jusin_Team_1945\Jusin_Team_1945\CBoss02.cpp(219,24): warning C4244: '=': 'double'에서 'float'(으)로 변환하면서 데이터가 손실될 수 있습니다.
  (소스 파일 '/CBoss02.cpp'을(를) 컴파일하는 중)
  
C:\Users\LG\Documents\GitHub\Junsin_Team\Jusin_Team_1945\Jusin_Team_1945\CBoss02.cpp(240,13): warning C4244: '=': 'double'에서 'float'(으)로 변환하면서 데이터가 손실될 수 있습니다.
  (소스 파일 '/CBoss02.cpp'을(를) 컴파일하는 중)
  
C:\Users\LG\Documents\GitHub\Junsin_Team\Jusin_Team_1945\Jusin_Team_1945\CBoss02.cpp(267,34): warning C4244: '인수': 'int'에서 'float'(으)로 변환하면서 데이터가 손실될 수 있습니다.
  (소스 파일 '/CBoss02.cpp'을(를) 컴파일하는 중)
  
  CBossBullet.cpp
C:\Users\LG\Documents\GitHub\Junsin_Team\Jusin_Team_1945\Jusin_Team_1945\CBossBullet.cpp(117,44): warning C4244: '+=': 'double'에서 'float'(으)로 변환하면서 데이터가 손실될 수 있습니다.
  (소스 파일 '/CBossBullet.cpp'을(를) 컴파일하는 중)
  
C:\Users\LG\Documents\GitHub\Junsin_Team\Jusin_Team_1945\Jusin_Team_1945\CBossBullet.cpp(118,44): warning C4244: '+=': 'double'에서 'float'(으)로 변환하면서 데이터가 손실될 수 있습니다.
  (소스 파일 '/CBossBullet.cpp'을(를) 컴파일하는 중)
  
C:\Users\LG\Documents\GitHub\Junsin_Team\Jusin_Team_1945\Jusin_Team_1945\CBossBullet.cpp(139,41): warning C4244: '인수': 'double'에서 'float'(으)로 변환하면서 데이터가 손실될 수 있습니다.
  (소스 파일 '/CBossBullet.cpp'을(를) 컴파일하는 중)
  
C:\Users\LG\Documents\GitHub\Junsin_Team\Jusin_Team_1945\Jusin_Team_1945\CBossBullet.cpp(139,20): warning C4244: '=': 'double'에서 'float'(으)로 변환하면서 데이터가 손실될 수 있습니다.
  (소스 파일 '/CBossBullet.cpp'을(를) 컴파일하는 중)
  
C:\Users\LG\Documents\GitHub\Junsin_Team\Jusin_Team_1945\Jusin_Team_1945\CBossBullet.cpp(144,41): warning C4244: '+=': 'double'에서 'float'(으)로 변환하면서 데이터가 손실될 수 있습니다.
  (소스 파일 '/CBossBullet.cpp'을(를) 컴파일하는 중)
  
C:\Users\LG\Documents\GitHub\Junsin_Team\Jusin_Team_1945\Jusin_Team_1945\CBossBullet.cpp(156,44): warning C4244: '+=': 'double'에서 'float'(으)로 변환하면서 데이터가 손실될 수 있습니다.
  (소스 파일 '/CBossBullet.cpp'을(를) 컴파일하는 중)
  
C:\Users\LG\Documents\GitHub\Junsin_Team\Jusin_Team_1945\Jusin_Team_1945\CBossBullet.cpp(157,44): warning C4244: '+=': 'double'에서 'float'(으)로 변환하면서 데이터가 손실될 수 있습니다.
  (소스 파일 '/CBossBullet.cpp'을(를) 컴파일하는 중)
  
  CObj.cpp
  코드를 생성하고 있습니다...
  Jusin_Team_1945.vcxproj -> C:\Users\LG\Documents\GitHub\Junsin_Team\Jusin_Team_1945\x64\Debug\Jusin_Team_1945.exe
